============================= test session starts ==============================
platform darwin -- Python 3.14.4, pytest-9.1.0, pluggy-1.6.0 -- /Users/georgigaydarov/Projects/argus-lab/aegis/.venv/bin/python
cachedir: .pytest_cache
rootdir: /Users/georgigaydarov/Projects/argus-lab/aegis
plugins: anyio-4.13.0
collecting ... collected 72 items

tests/test_agent.py::test_gpp_cpassword_detected PASSED                  [  1%]
tests/test_agent.py::test_env_exposure_detected_and_redacted PASSED      [  2%]
tests/test_agent.py::test_no_false_positive_on_clean_evidence PASSED     [  4%]
tests/test_agent.py::test_privesc_chain_is_critical_and_observed PASSED  [  5%]
tests/test_agent.py::test_segmentation_chain_observed PASSED             [  6%]
tests/test_agent.py::test_web_to_host_theoretical_without_service PASSED [  8%]
tests/test_agent.py::test_chains_correlation_shape PASSED                [  9%]
tests/test_agent.py::test_planner_expands_from_web_evidence PASSED       [ 11%]
tests/test_agent.py::test_planner_denies_out_of_scope_target PASSED      [ 12%]
tests/test_agent.py::test_planner_respects_max_depth PASSED              [ 13%]
tests/test_agent.py::test_poc_refused_when_not_armed PASSED              [ 15%]
tests/test_agent.py::test_poc_refused_outside_lab_net PASSED             [ 16%]
tests/test_agent.py::test_poc_refused_without_isolation_attestation PASSED [ 18%]
tests/test_agent.py::test_poc_refused_for_uncatalogued_check PASSED      [ 19%]
tests/test_agent.py::test_poc_runs_in_lab_with_all_gates_and_fixture_prober PASSED [ 20%]
tests/test_guardrail.py::test_decimal_ip_canonicalizes PASSED            [ 22%]
tests/test_guardrail.py::test_hex_ip_canonicalizes PASSED                [ 23%]
tests/test_guardrail.py::test_leading_zero_octet_rejected PASSED         [ 25%]
tests/test_guardrail.py::test_host_bits_cidr_rejected PASSED             [ 26%]
tests/test_guardrail.py::test_in_scope_target_ok PASSED                  [ 27%]
tests/test_guardrail.py::test_out_of_scope_denied PASSED                 [ 29%]
tests/test_guardrail.py::test_decimal_obfuscated_out_of_scope_denied PASSED [ 30%]
tests/test_guardrail.py::test_broad_cidr_denied PASSED                   [ 31%]
tests/test_guardrail.py::test_hostname_arg_denied PASSED                 [ 33%]
tests/test_guardrail.py::test_file_input_flag_denied PASSED              [ 34%]
tests/test_guardrail.py::test_nse_script_flag_denied PASSED              [ 36%]
tests/test_guardrail.py::test_shell_metachar_denied PASSED               [ 37%]
tests/test_guardrail.py::test_no_target_denied PASSED                    [ 38%]
tests/test_guardrail.py::test_denied_tool PASSED                         [ 40%]
tests/test_guardrail.py::test_clean_scan_authorized PASSED               [ 41%]
tests/test_guardrail.py::test_ldapsearch_dash_x_allowed_url_host_in_scope PASSED [ 43%]
tests/test_guardrail.py::test_file_path_arg_not_flagged_as_hostname PASSED [ 44%]
tests/test_guardrail.py::test_nmap_script_denied_per_tool PASSED         [ 45%]
tests/test_guardrail.py::test_binary_name_with_dot_not_flagged PASSED    [ 47%]
tests/test_guardrail.py::test_url_with_out_of_scope_ip_denied PASSED     [ 48%]
tests/test_guardrail.py::test_audit_chain_valid_then_tamper PASSED       [ 50%]
tests/test_heuristic.py::test_snmp_default_community_finding PASSED      [ 51%]
tests/test_heuristic.py::test_smb_guest_share_finding PASSED             [ 52%]
tests/test_heuristic.py::test_smb_user_enum_finding PASSED               [ 54%]
tests/test_heuristic.py::test_every_finding_has_platform_and_steps PASSED [ 55%]
tests/test_host.py::test_suid_gtfobins_flagged PASSED                    [ 56%]
tests/test_host.py::test_sudo_nopasswd_flagged PASSED                    [ 58%]
tests/test_host.py::test_ssh_weak_config_flagged PASSED                  [ 59%]
tests/test_host.py::test_host_authorize_in_scope_and_catalog PASSED      [ 61%]
tests/test_host.py::test_host_authorize_out_of_scope_denied PASSED       [ 62%]
tests/test_host.py::test_host_authorize_unknown_check_denied PASSED      [ 63%]
tests/test_integration_agentic.py::test_scan_surfaces_shadow_ai_segmentation_and_chains PASSED [ 65%]
tests/test_integration_agentic.py::test_audit_chain_stays_valid_through_enrichment PASSED [ 66%]
tests/test_recon_modules.py::test_ollama_port_detected PASSED            [ 68%]
tests/test_recon_modules.py::test_jupyter_banner_detected PASSED         [ 69%]
tests/test_recon_modules.py::test_non_ai_service_ignored PASSED          [ 70%]
tests/test_recon_modules.py::test_shadow_ai_dedupes_same_service PASSED  [ 72%]
tests/test_recon_modules.py::test_database_plane_flagged PASSED          [ 73%]
tests/test_recon_modules.py::test_management_plane_flagged PASSED        [ 75%]
tests/test_recon_modules.py::test_benign_web_port_not_flagged PASSED     [ 76%]
tests/test_recon_modules.py::test_segmentation_matrix_groups_by_asset PASSED [ 77%]
tests/test_webrecon.py::test_env_file_exposure_detected PASSED           [ 79%]
tests/test_webrecon.py::test_git_metadata_exposure_detected PASSED       [ 80%]
tests/test_webrecon.py::test_swagger_api_surface_detected PASSED         [ 81%]
tests/test_webrecon.py::test_protected_actuator_is_a_finding PASSED      [ 83%]
tests/test_webrecon.py::test_generic_200_login_page_is_not_a_false_positive PASSED [ 84%]
tests/test_webrecon.py::test_orchestrator_denies_out_of_scope_target PASSED [ 86%]
tests/test_webrecon.py::test_orchestrator_in_scope_runs_and_triages PASSED [ 87%]
tests/test_webrecon.py::test_secret_value_is_redacted_in_stored_observation PASSED [ 88%]
tests/test_winad.py::test_win_smb_signing_flagged PASSED                 [ 90%]
tests/test_winad.py::test_win_always_install_elevated PASSED             [ 91%]
tests/test_winad.py::test_win_wdigest_cleartext PASSED                   [ 93%]
tests/test_winad.py::test_win_default_winrm_is_https_strict PASSED       [ 94%]
tests/test_winad.py::test_ad_anonymous_users_flagged PASSED              [ 95%]
tests/test_winad.py::test_ad_rootdse_naming_context PASSED               [ 97%]
tests/test_winad.py::test_windows_check_authorized_in_scope PASSED       [ 98%]
tests/test_winad.py::test_ad_check_unknown_denied PASSED                 [100%]

============================== 72 passed in 0.13s ==============================
